2024-11-07 20:45:48 [INFO] [ConfigFileManager] Correct Path: data/sample_data.pcd
2024-11-07 20:45:48 [INFO] [ConfigFileManager] Successfully read pcd_file from data/sample_data.pcd
2024-11-07 20:45:49 [INFO] [DataProcessing] Number of points after noise removal: 456450
2024-11-07 20:45:49 [INFO] [DataProcessing] Number of projected points: 456450
2024-11-07 20:45:49 [INFO] [ConfigFileManager] Calculated to max depth 0.929669976234436, min depth -1.1238000392913818
2024-11-07 20:45:50 [INFO] [DataProcessing] Depth map parameters: 10000, data1/depth_map.png
2024-11-07 20:45:50 [ERROR] [ConfigFileManager] Path is Wrong : data1/depth_map.png
2024-11-07 20:45:50 [ERROR] [ConfigFileManager] Called from: "save_image"
NoneType: None
2024-11-07 20:45:50 [ERROR] [ConfigFileManager] Depth map can't saved
2024-11-07 20:45:50 [INFO] [ConfigFileManager] Calculated to max depth 0.929669976234436, min depth -1.1238000392913818
2024-11-07 20:45:50 [INFO] [DataProcessing] Heat map parameters: 30000, data/heat_map.png
2024-11-07 20:45:50 [INFO] [ConfigFileManager] Correct Path: data/heat_map.png
2024-11-07 20:45:50 [INFO] [ConfigFileManager] Heat map saved at data/heat_map.png
2024-11-07 20:47:32 [INFO] [ConfigFileManager] Correct Path: data/sample_data.pcd
2024-11-07 20:47:32 [INFO] [ConfigFileManager] Successfully read pcd_file from data/sample_data.pcd
2024-11-07 20:47:33 [INFO] [DataProcessing] Number of points after noise removal: 456450
2024-11-07 20:47:33 [INFO] [DataProcessing] Number of projected points: 456450
2024-11-07 20:47:33 [INFO] [ConfigFileManager] Calculated to max depth 0.929669976234436, min depth -1.1238000392913818
2024-11-07 20:47:33 [INFO] [DataProcessing] Depth map parameters: 10000, data1/depth_map.png
2024-11-07 20:47:33 [ERROR] [ConfigFileManager] Path is Wrong: data1/depth_map.png, Called from: "save_image"
2024-11-07 20:47:33 [ERROR] [ConfigFileManager] Called from: "save_image"
NoneType: None
2024-11-07 20:47:33 [ERROR] [ConfigFileManager] Depth map can't saved
2024-11-07 20:47:33 [INFO] [ConfigFileManager] Calculated to max depth 0.929669976234436, min depth -1.1238000392913818
2024-11-07 20:47:33 [INFO] [DataProcessing] Heat map parameters: 30000, data/heat_map.png
2024-11-07 20:47:33 [INFO] [ConfigFileManager] Correct Path: data/heat_map.png
2024-11-07 20:47:33 [INFO] [ConfigFileManager] Heat map saved at data/heat_map.png
2024-11-07 20:48:33 [INFO] [ConfigFileManager] Correct Path: data/sample_data.pcd
2024-11-07 20:48:33 [INFO] [ConfigFileManager] Successfully read pcd_file from data/sample_data.pcd
2024-11-07 20:48:33 [INFO] [DataProcessing] Number of points after noise removal: 456450
2024-11-07 20:48:33 [INFO] [DataProcessing] Number of projected points: 456450
2024-11-07 20:48:33 [INFO] [ConfigFileManager] Calculated to max depth 0.929669976234436, min depth -1.1238000392913818
2024-11-07 20:48:34 [INFO] [DataProcessing] Depth map parameters: 10000, data1/depth_map.png
2024-11-07 20:48:34 [ERROR] [ConfigFileManager] Path is Wrong: data1/depth_map.png,                                 Called from: "save_image"
2024-11-07 20:48:34 [ERROR] [ConfigFileManager] Called from: "save_image"
NoneType: None
2024-11-07 20:48:34 [ERROR] [ConfigFileManager] Depth map can't saved
2024-11-07 20:48:34 [INFO] [ConfigFileManager] Calculated to max depth 0.929669976234436, min depth -1.1238000392913818
2024-11-07 20:48:34 [INFO] [DataProcessing] Heat map parameters: 30000, data/heat_map.png
2024-11-07 20:48:34 [INFO] [ConfigFileManager] Correct Path: data/heat_map.png
2024-11-07 20:48:34 [INFO] [ConfigFileManager] Heat map saved at data/heat_map.png
2024-11-07 20:50:02 [INFO] [ConfigFileManager] Correct Path: data/sample_data.pcd
2024-11-07 20:50:02 [INFO] [ConfigFileManager] Successfully read pcd_file from data/sample_data.pcd
2024-11-07 20:50:03 [INFO] [DataProcessing] Number of points after noise removal: 456450
2024-11-07 20:50:03 [INFO] [DataProcessing] Number of projected points: 456450
2024-11-07 20:50:03 [INFO] [ConfigFileManager] Calculated to max depth 0.929669976234436, min depth -1.1238000392913818
2024-11-07 20:50:03 [INFO] [DataProcessing] Depth map parameters: 10000, data1/depth_map.png
2024-11-07 20:50:03 [ERROR] [ConfigFileManager] Path is Wrong: data1/depth_map.png,                                 Called from: "save_image"
2024-11-07 20:50:03 [ERROR] [ConfigFileManager] Depth map can't saved
2024-11-07 20:50:03 [INFO] [ConfigFileManager] Calculated to max depth 0.929669976234436, min depth -1.1238000392913818
2024-11-07 20:50:04 [INFO] [DataProcessing] Heat map parameters: 30000, data/heat_map.png
2024-11-07 20:50:04 [INFO] [ConfigFileManager] Correct Path: data/heat_map.png
2024-11-07 20:50:04 [INFO] [ConfigFileManager] Heat map saved at data/heat_map.png
2024-11-07 20:51:56 [INFO] [ConfigFileManager] Correct Path: data/sample_data.pcd
2024-11-07 20:51:56 [INFO] [ConfigFileManager] Successfully read pcd_file from data/sample_data.pcd
2024-11-07 20:51:56 [INFO] [DataProcessing] Number of points after noise removal: 456450
2024-11-07 20:51:56 [INFO] [DataProcessing] Number of projected points: 456450
2024-11-07 20:51:56 [INFO] [ConfigFileManager] Calculated to max depth 0.929669976234436, min depth -1.1238000392913818
2024-11-07 20:51:57 [INFO] [DataProcessing] Depth map parameters: 10000, data1/depth_map.png
2024-11-07 20:51:57 [ERROR] [ConfigFileManager] Path is Wrong: data1/depth_map.png, Called from: "save_image"
2024-11-07 20:51:57 [ERROR] [ConfigFileManager] Depth map can't saved
2024-11-07 20:51:57 [INFO] [ConfigFileManager] Calculated to max depth 0.929669976234436, min depth -1.1238000392913818
2024-11-07 20:51:57 [INFO] [DataProcessing] Heat map parameters: 30000, data/heat_map.png
2024-11-07 20:51:57 [INFO] [ConfigFileManager] Correct Path: data/heat_map.png
2024-11-07 20:51:57 [INFO] [ConfigFileManager] Heat map saved at data/heat_map.png
